[ 2016-03-30T13:24:45+08:00 ] 127.0.0.1 /magicbox/home/goods/upload.html
INFO: [ app_begin ] --START--
INFO: Run Behavior\ReadHtmlCacheBehavior [ RunTime:0.000149s ]
INFO: [ app_begin ] --END-- [ RunTime:0.000342s ]
NOTIC: [2] call_user_func() expects parameter 1 to be a valid callback, no array or string given /var/www/html/magicbox/ThinkPHP323/ThinkPHP/Library/Think/Upload.class.php 第 170 行.

[ 2016-03-30T13:55:47+08:00 ] 127.0.0.1 /magicbox/home/statistatics/statsales.html
INFO: [ app_begin ] --START--
INFO: Run Behavior\ReadHtmlCacheBehavior [ RunTime:0.000065s ]
INFO: [ app_begin ] --END-- [ RunTime:0.000185s ]
ERR: 无法加载控制器:Statistatics

[ 2016-03-30T13:55:52+08:00 ] 127.0.0.1 /magicbox/home/statistatics/statsales.html
INFO: [ app_begin ] --START--
INFO: Run Behavior\ReadHtmlCacheBehavior [ RunTime:0.000122s ]
INFO: [ app_begin ] --END-- [ RunTime:0.000305s ]
ERR: 无法加载控制器:Statistatics

[ 2016-03-30T13:56:19+08:00 ] 127.0.0.1 /magicbox/home/statistatics/statsales.html
INFO: [ app_begin ] --START--
INFO: Run Behavior\ReadHtmlCacheBehavior [ RunTime:0.000050s ]
INFO: [ app_begin ] --END-- [ RunTime:0.000118s ]
ERR: 无法加载控制器:Statistatics

[ 2016-03-30T13:56:21+08:00 ] 127.0.0.1 /magicbox/home/statistatics/statsales.html
INFO: [ app_begin ] --START--
INFO: Run Behavior\ReadHtmlCacheBehavior [ RunTime:0.000153s ]
INFO: [ app_begin ] --END-- [ RunTime:0.000226s ]
ERR: 无法加载控制器:Statistatics

[ 2016-03-30T13:57:22+08:00 ] 127.0.0.1 /magicbox/home/statistics/statsales.html
INFO: [ app_begin ] --START--
INFO: Run Behavior\ReadHtmlCacheBehavior [ RunTime:0.000062s ]
INFO: [ app_begin ] --END-- [ RunTime:0.000132s ]
SQL: SHOW COLUMNS FROM `sales_statistics` [ RunTime:0.0014s ]
NOTIC: [8] Undefined variable: map /var/www/html/magicbox/Apps/Home/Controller/StatisticsController.class.php 第 57 行.
SQL: SELECT sales_statistics.mac as mac,sales_statistics.price,sales_statistics.sell_count,sales_statistics.sell_at,sales_statistics.goods_id as goods_id,goods_info.name FROM `sales_statistics` LEFT JOIN goods_info ON goods_id = goods_info.id  ORDER BY sales_statistics.id desc LIMIT 0,7   [ RunTime:0.0008s ]
NOTIC: [8] Undefined variable: map /var/www/html/magicbox/Apps/Home/Controller/StatisticsController.class.php 第 61 行.
SQL: SELECT COUNT(*) AS tp_count FROM `sales_statistics` LIMIT 1   [ RunTime:0.0002s ]
NOTIC: [8] Undefined variable: map /var/www/html/magicbox/Apps/Home/Controller/StatisticsController.class.php 第 71 行.
NOTIC: [2] Invalid argument supplied for foreach() /var/www/html/magicbox/Apps/Home/Controller/StatisticsController.class.php 第 71 行.
INFO: [ view_parse ] --START--
INFO: [ template_filter ] --START--
INFO: Run Behavior\ContentReplaceBehavior [ RunTime:0.000074s ]
INFO: [ template_filter ] --END-- [ RunTime:0.000123s ]
INFO: Run Behavior\ParseTemplateBehavior [ RunTime:0.007833s ]
INFO: [ view_parse ] --END-- [ RunTime:0.007881s ]
INFO: [ view_filter ] --START--
INFO: Run Behavior\WriteHtmlCacheBehavior [ RunTime:0.000058s ]
INFO: [ view_filter ] --END-- [ RunTime:0.000086s ]
INFO: [ app_end ] --START--
INFO: Run Behavior\ShowPageTraceBehavior [ RunTime:0.000069s ]
INFO: [ app_end ] --END-- [ RunTime:0.000119s ]

[ 2016-03-30T13:57:49+08:00 ] 127.0.0.1 /magicbox/home/statistics/statsales.html
INFO: [ app_begin ] --START--
INFO: Run Behavior\ReadHtmlCacheBehavior [ RunTime:0.000089s ]
INFO: [ app_begin ] --END-- [ RunTime:0.000209s ]
SQL: SHOW COLUMNS FROM `sales_statistics` [ RunTime:0.0012s ]
NOTIC: [8] Undefined variable: map /var/www/html/magicbox/Apps/Home/Controller/StatisticsController.class.php 第 57 行.
SQL: SELECT sales_statistics.mac as mac,sales_statistics.price,sales_statistics.sell_count,sales_statistics.sell_at,sales_statistics.goods_id as goods_id,goods_info.name FROM `sales_statistics` LEFT JOIN goods_info ON goods_id = goods_info.id  ORDER BY sales_statistics.id desc LIMIT 0,7   [ RunTime:0.0006s ]
NOTIC: [8] Undefined variable: map /var/www/html/magicbox/Apps/Home/Controller/StatisticsController.class.php 第 61 行.
SQL: SELECT COUNT(*) AS tp_count FROM `sales_statistics` LIMIT 1   [ RunTime:0.0001s ]
NOTIC: [8] Undefined variable: map /var/www/html/magicbox/Apps/Home/Controller/StatisticsController.class.php 第 71 行.
NOTIC: [2] Invalid argument supplied for foreach() /var/www/html/magicbox/Apps/Home/Controller/StatisticsController.class.php 第 71 行.
INFO: [ view_parse ] --START--
INFO: [ template_filter ] --START--
INFO: Run Behavior\ContentReplaceBehavior [ RunTime:0.000629s ]
INFO: [ template_filter ] --END-- [ RunTime:0.000784s ]
INFO: Run Behavior\ParseTemplateBehavior [ RunTime:0.012503s ]
INFO: [ view_parse ] --END-- [ RunTime:0.013138s ]
INFO: [ view_filter ] --START--
INFO: Run Behavior\WriteHtmlCacheBehavior [ RunTime:0.000070s ]
INFO: [ view_filter ] --END-- [ RunTime:0.000102s ]
INFO: [ app_end ] --START--
INFO: Run Behavior\ShowPageTraceBehavior [ RunTime:0.000154s ]
INFO: [ app_end ] --END-- [ RunTime:0.000209s ]

[ 2016-03-30T13:58:13+08:00 ] 127.0.0.1 /magicbox/home/statistics/statsales.html
INFO: [ app_begin ] --START--
INFO: Run Behavior\ReadHtmlCacheBehavior [ RunTime:0.000092s ]
INFO: [ app_begin ] --END-- [ RunTime:0.000230s ]
SQL: SHOW COLUMNS FROM `sales_statistics` [ RunTime:0.0013s ]
NOTIC: [8] Undefined variable: map /var/www/html/magicbox/Apps/Home/Controller/StatisticsController.class.php 第 57 行.
SQL: SELECT sales_statistics.mac as mac,sales_statistics.price,sales_statistics.sell_count,sales_statistics.sell_at,sales_statistics.goods_id as goods_id,goods_info.name FROM `sales_statistics` LEFT JOIN goods_info ON goods_id = goods_info.id  ORDER BY sales_statistics.id desc LIMIT 0,7   [ RunTime:0.0014s ]
NOTIC: [8] Undefined variable: map /var/www/html/magicbox/Apps/Home/Controller/StatisticsController.class.php 第 61 行.
SQL: SELECT COUNT(*) AS tp_count FROM `sales_statistics` LIMIT 1   [ RunTime:0.0002s ]
NOTIC: [8] Undefined variable: map /var/www/html/magicbox/Apps/Home/Controller/StatisticsController.class.php 第 71 行.
NOTIC: [2] Invalid argument supplied for foreach() /var/www/html/magicbox/Apps/Home/Controller/StatisticsController.class.php 第 71 行.
INFO: [ view_parse ] --START--
INFO: [ template_filter ] --START--
INFO: Run Behavior\ContentReplaceBehavior [ RunTime:0.000086s ]
INFO: [ template_filter ] --END-- [ RunTime:0.000144s ]
INFO: Run Behavior\ParseTemplateBehavior [ RunTime:0.016130s ]
INFO: [ view_parse ] --END-- [ RunTime:0.016589s ]
INFO: [ view_filter ] --START--
INFO: Run Behavior\WriteHtmlCacheBehavior [ RunTime:0.000129s ]
INFO: [ view_filter ] --END-- [ RunTime:0.000168s ]
INFO: [ app_end ] --START--
INFO: Run Behavior\ShowPageTraceBehavior [ RunTime:0.000315s ]
INFO: [ app_end ] --END-- [ RunTime:0.000427s ]

[ 2016-03-30T13:59:19+08:00 ] 127.0.0.1 /magicbox/home/statistics/statsales.html
INFO: [ app_begin ] --START--
INFO: Run Behavior\ReadHtmlCacheBehavior [ RunTime:0.000123s ]
INFO: [ app_begin ] --END-- [ RunTime:0.000334s ]
SQL: SHOW COLUMNS FROM `sales_statistics` [ RunTime:0.0050s ]
NOTIC: [8] Undefined variable: map /var/www/html/magicbox/Apps/Home/Controller/StatisticsController.class.php 第 57 行.
SQL: SELECT sales_statistics.mac as mac,sales_statistics.price,sales_statistics.sell_count,sales_statistics.sell_at,sales_statistics.goods_id as goods_id,goods_info.name FROM `sales_statistics` LEFT JOIN goods_info ON goods_id = goods_info.id  ORDER BY sales_statistics.id desc LIMIT 0,7   [ RunTime:0.0007s ]
NOTIC: [8] Undefined variable: map /var/www/html/magicbox/Apps/Home/Controller/StatisticsController.class.php 第 61 行.
SQL: SELECT COUNT(*) AS tp_count FROM `sales_statistics` LIMIT 1   [ RunTime:0.0002s ]
NOTIC: [8] Undefined variable: map /var/www/html/magicbox/Apps/Home/Controller/StatisticsController.class.php 第 71 行.
NOTIC: [2] Invalid argument supplied for foreach() /var/www/html/magicbox/Apps/Home/Controller/StatisticsController.class.php 第 71 行.
INFO: [ view_parse ] --START--
INFO: [ template_filter ] --START--
INFO: Run Behavior\ContentReplaceBehavior [ RunTime:0.000132s ]
INFO: [ template_filter ] --END-- [ RunTime:0.000215s ]
INFO: Run Behavior\ParseTemplateBehavior [ RunTime:0.019757s ]
INFO: [ view_parse ] --END-- [ RunTime:0.019851s ]
INFO: [ view_filter ] --START--
INFO: Run Behavior\WriteHtmlCacheBehavior [ RunTime:0.000082s ]
INFO: [ view_filter ] --END-- [ RunTime:0.000114s ]
INFO: [ app_end ] --START--
INFO: Run Behavior\ShowPageTraceBehavior [ RunTime:0.000150s ]
INFO: [ app_end ] --END-- [ RunTime:0.000222s ]

[ 2016-03-30T13:59:22+08:00 ] 127.0.0.1 /magicbox/home/statistics/statsales.html
INFO: [ app_begin ] --START--
INFO: Run Behavior\ReadHtmlCacheBehavior [ RunTime:0.000034s ]
INFO: [ app_begin ] --END-- [ RunTime:0.000094s ]
SQL: SHOW COLUMNS FROM `sales_statistics` [ RunTime:0.0011s ]
NOTIC: [8] Undefined variable: map /var/www/html/magicbox/Apps/Home/Controller/StatisticsController.class.php 第 57 行.
SQL: SELECT sales_statistics.mac as mac,sales_statistics.price,sales_statistics.sell_count,sales_statistics.sell_at,sales_statistics.goods_id as goods_id,goods_info.name FROM `sales_statistics` LEFT JOIN goods_info ON goods_id = goods_info.id  ORDER BY sales_statistics.id desc LIMIT 0,7   [ RunTime:0.0006s ]
NOTIC: [8] Undefined variable: map /var/www/html/magicbox/Apps/Home/Controller/StatisticsController.class.php 第 61 行.
SQL: SELECT COUNT(*) AS tp_count FROM `sales_statistics` LIMIT 1   [ RunTime:0.0001s ]
NOTIC: [8] Undefined variable: map /var/www/html/magicbox/Apps/Home/Controller/StatisticsController.class.php 第 71 行.
NOTIC: [2] Invalid argument supplied for foreach() /var/www/html/magicbox/Apps/Home/Controller/StatisticsController.class.php 第 71 行.
INFO: [ view_parse ] --START--
INFO: [ template_filter ] --START--
INFO: Run Behavior\ContentReplaceBehavior [ RunTime:0.000063s ]
INFO: [ template_filter ] --END-- [ RunTime:0.000113s ]
INFO: Run Behavior\ParseTemplateBehavior [ RunTime:0.015634s ]
INFO: [ view_parse ] --END-- [ RunTime:0.015689s ]
INFO: [ view_filter ] --START--
INFO: Run Behavior\WriteHtmlCacheBehavior [ RunTime:0.000055s ]
INFO: [ view_filter ] --END-- [ RunTime:0.000084s ]
INFO: [ app_end ] --START--
INFO: Run Behavior\ShowPageTraceBehavior [ RunTime:0.000077s ]
INFO: [ app_end ] --END-- [ RunTime:0.000137s ]

[ 2016-03-30T13:59:37+08:00 ] 127.0.0.1 /magicbox/home/statistics/statsales.html
INFO: [ app_begin ] --START--
INFO: Run Behavior\ReadHtmlCacheBehavior [ RunTime:0.000307s ]
INFO: [ app_begin ] --END-- [ RunTime:0.000393s ]
SQL: SHOW COLUMNS FROM `sales_statistics` [ RunTime:0.0018s ]
NOTIC: [8] Undefined variable: map /var/www/html/magicbox/Apps/Home/Controller/StatisticsController.class.php 第 57 行.
SQL: SELECT sales_statistics.mac as mac,sales_statistics.price,sales_statistics.sell_count,sales_statistics.sell_at,sales_statistics.goods_id as goods_id,goods_info.name FROM `sales_statistics` LEFT JOIN goods_info ON goods_id = goods_info.id  ORDER BY sales_statistics.id desc LIMIT 0,7   [ RunTime:0.0007s ]
NOTIC: [8] Undefined variable: map /var/www/html/magicbox/Apps/Home/Controller/StatisticsController.class.php 第 61 行.
SQL: SELECT COUNT(*) AS tp_count FROM `sales_statistics` LIMIT 1   [ RunTime:0.0002s ]
NOTIC: [8] Undefined variable: map /var/www/html/magicbox/Apps/Home/Controller/StatisticsController.class.php 第 71 行.
NOTIC: [2] Invalid argument supplied for foreach() /var/www/html/magicbox/Apps/Home/Controller/StatisticsController.class.php 第 71 行.
INFO: [ view_parse ] --START--
INFO: [ template_filter ] --START--
INFO: Run Behavior\ContentReplaceBehavior [ RunTime:0.000097s ]
INFO: [ template_filter ] --END-- [ RunTime:0.000147s ]
INFO: Run Behavior\ParseTemplateBehavior [ RunTime:0.009406s ]
INFO: [ view_parse ] --END-- [ RunTime:0.009457s ]
INFO: [ view_filter ] --START--
INFO: Run Behavior\WriteHtmlCacheBehavior [ RunTime:0.000068s ]
INFO: [ view_filter ] --END-- [ RunTime:0.000096s ]
INFO: [ app_end ] --START--
INFO: Run Behavior\ShowPageTraceBehavior [ RunTime:0.000111s ]
INFO: [ app_end ] --END-- [ RunTime:0.000180s ]

[ 2016-03-30T14:01:30+08:00 ] 127.0.0.1 /magicbox/home/statistics/statsales.html
INFO: [ app_begin ] --START--
INFO: Run Behavior\ReadHtmlCacheBehavior [ RunTime:0.000134s ]
INFO: [ app_begin ] --END-- [ RunTime:0.000260s ]
SQL: SHOW COLUMNS FROM `sales_statistics` [ RunTime:0.0019s ]
NOTIC: [8] Undefined variable: map /var/www/html/magicbox/Apps/Home/Controller/StatisticsController.class.php 第 57 行.
SQL: SELECT sales_statistics.mac as mac,sales_statistics.price,sales_statistics.sell_count,sales_statistics.sell_at,sales_statistics.goods_id as goods_id,goods_info.name FROM `sales_statistics` LEFT JOIN goods_info ON goods_id = goods_info.id  ORDER BY sales_statistics.id desc LIMIT 0,7   [ RunTime:0.0009s ]
NOTIC: [8] Undefined variable: map /var/www/html/magicbox/Apps/Home/Controller/StatisticsController.class.php 第 61 行.
SQL: SELECT COUNT(*) AS tp_count FROM `sales_statistics` LIMIT 1   [ RunTime:0.0001s ]
NOTIC: [8] Undefined variable: map /var/www/html/magicbox/Apps/Home/Controller/StatisticsController.class.php 第 71 行.
NOTIC: [2] Invalid argument supplied for foreach() /var/www/html/magicbox/Apps/Home/Controller/StatisticsController.class.php 第 71 行.
INFO: [ view_parse ] --START--
INFO: [ template_filter ] --START--
INFO: Run Behavior\ContentReplaceBehavior [ RunTime:0.000105s ]
INFO: [ template_filter ] --END-- [ RunTime:0.000163s ]
INFO: Run Behavior\ParseTemplateBehavior [ RunTime:0.015931s ]
INFO: [ view_parse ] --END-- [ RunTime:0.016034s ]
INFO: [ view_filter ] --START--
INFO: Run Behavior\WriteHtmlCacheBehavior [ RunTime:0.000090s ]
INFO: [ view_filter ] --END-- [ RunTime:0.000122s ]
INFO: [ app_end ] --START--
INFO: Run Behavior\ShowPageTraceBehavior [ RunTime:0.000265s ]
INFO: [ app_end ] --END-- [ RunTime:0.000375s ]

[ 2016-03-30T14:01:38+08:00 ] 127.0.0.1 /magicbox/home/statistics/statsales.html
INFO: [ app_begin ] --START--
INFO: Run Behavior\ReadHtmlCacheBehavior [ RunTime:0.000047s ]
INFO: [ app_begin ] --END-- [ RunTime:0.000119s ]
SQL: SHOW COLUMNS FROM `sales_statistics` [ RunTime:0.0028s ]
NOTIC: [8] Undefined variable: map /var/www/html/magicbox/Apps/Home/Controller/StatisticsController.class.php 第 57 行.
SQL: SELECT sales_statistics.mac as mac,sales_statistics.price,sales_statistics.sell_count,sales_statistics.sell_at,sales_statistics.goods_id as goods_id,goods_info.name FROM `sales_statistics` LEFT JOIN goods_info ON goods_id = goods_info.id  ORDER BY sales_statistics.id desc LIMIT 0,7   [ RunTime:0.0012s ]
NOTIC: [8] Undefined variable: map /var/www/html/magicbox/Apps/Home/Controller/StatisticsController.class.php 第 61 行.
SQL: SELECT COUNT(*) AS tp_count FROM `sales_statistics` LIMIT 1   [ RunTime:0.0003s ]
NOTIC: [8] Undefined variable: map /var/www/html/magicbox/Apps/Home/Controller/StatisticsController.class.php 第 71 行.
NOTIC: [2] Invalid argument supplied for foreach() /var/www/html/magicbox/Apps/Home/Controller/StatisticsController.class.php 第 71 行.
INFO: [ view_parse ] --START--
INFO: [ template_filter ] --START--
INFO: Run Behavior\ContentReplaceBehavior [ RunTime:0.000115s ]
INFO: [ template_filter ] --END-- [ RunTime:0.000297s ]
INFO: Run Behavior\ParseTemplateBehavior [ RunTime:0.039921s ]
INFO: [ view_parse ] --END-- [ RunTime:0.039991s ]
INFO: [ view_filter ] --START--
INFO: Run Behavior\WriteHtmlCacheBehavior [ RunTime:0.000432s ]
INFO: [ view_filter ] --END-- [ RunTime:0.000477s ]
INFO: [ app_end ] --START--
INFO: Run Behavior\ShowPageTraceBehavior [ RunTime:0.000120s ]
INFO: [ app_end ] --END-- [ RunTime:0.000778s ]

[ 2016-03-30T14:07:43+08:00 ] 127.0.0.1 /magicbox/home/statistics/statsales.html
INFO: [ app_begin ] --START--
INFO: Run Behavior\ReadHtmlCacheBehavior [ RunTime:0.000102s ]
INFO: [ app_begin ] --END-- [ RunTime:0.000249s ]
SQL: SHOW COLUMNS FROM `sales_statistics` [ RunTime:0.0014s ]
NOTIC: [8] Undefined variable: map /var/www/html/magicbox/Apps/Home/Controller/StatisticsController.class.php 第 57 行.
SQL: SELECT sales_statistics.mac as mac,sales_statistics.price,sales_statistics.sell_count,sales_statistics.sell_at,sales_statistics.goods_id as goods_id,goods_info.name FROM `sales_statistics` LEFT JOIN goods_info ON goods_id = goods_info.id  ORDER BY sales_statistics.id desc LIMIT 0,7   [ RunTime:0.0019s ]
NOTIC: [8] Undefined variable: map /var/www/html/magicbox/Apps/Home/Controller/StatisticsController.class.php 第 61 行.
SQL: SELECT COUNT(*) AS tp_count FROM `sales_statistics` LIMIT 1   [ RunTime:0.0002s ]
NOTIC: [8] Undefined variable: map /var/www/html/magicbox/Apps/Home/Controller/StatisticsController.class.php 第 71 行.
NOTIC: [2] Invalid argument supplied for foreach() /var/www/html/magicbox/Apps/Home/Controller/StatisticsController.class.php 第 71 行.
INFO: [ view_parse ] --START--
INFO: [ template_filter ] --START--
INFO: Run Behavior\ContentReplaceBehavior [ RunTime:0.000236s ]
INFO: [ template_filter ] --END-- [ RunTime:0.000315s ]
INFO: Run Behavior\ParseTemplateBehavior [ RunTime:0.017638s ]
INFO: [ view_parse ] --END-- [ RunTime:0.017835s ]
INFO: [ view_filter ] --START--
INFO: Run Behavior\WriteHtmlCacheBehavior [ RunTime:0.000075s ]
INFO: [ view_filter ] --END-- [ RunTime:0.000105s ]
INFO: [ app_end ] --START--
INFO: Run Behavior\ShowPageTraceBehavior [ RunTime:0.001627s ]
INFO: [ app_end ] --END-- [ RunTime:0.001747s ]

[ 2016-03-30T14:08:03+08:00 ] 127.0.0.1 /magicbox/home/statistics/statsales.html
INFO: [ app_begin ] --START--
INFO: Run Behavior\ReadHtmlCacheBehavior [ RunTime:0.000057s ]
INFO: [ app_begin ] --END-- [ RunTime:0.000257s ]
SQL: SHOW COLUMNS FROM `sales_statistics` [ RunTime:0.0188s ]
NOTIC: [8] Undefined variable: map /var/www/html/magicbox/Apps/Home/Controller/StatisticsController.class.php 第 57 行.
SQL: SELECT sales_statistics.mac as mac,sales_statistics.price,sales_statistics.sell_count,sales_statistics.sell_at,sales_statistics.goods_id as goods_id,goods_info.name FROM `sales_statistics` LEFT JOIN goods_info ON goods_id = goods_info.id  ORDER BY sales_statistics.id desc LIMIT 0,7   [ RunTime:0.0006s ]
NOTIC: [8] Undefined variable: map /var/www/html/magicbox/Apps/Home/Controller/StatisticsController.class.php 第 61 行.
SQL: SELECT COUNT(*) AS tp_count FROM `sales_statistics` LIMIT 1   [ RunTime:0.0002s ]
NOTIC: [8] Undefined variable: map /var/www/html/magicbox/Apps/Home/Controller/StatisticsController.class.php 第 71 行.
NOTIC: [2] Invalid argument supplied for foreach() /var/www/html/magicbox/Apps/Home/Controller/StatisticsController.class.php 第 71 行.
INFO: [ view_parse ] --START--
INFO: [ template_filter ] --START--
INFO: Run Behavior\ContentReplaceBehavior [ RunTime:0.000161s ]
INFO: [ template_filter ] --END-- [ RunTime:0.000221s ]
INFO: Run Behavior\ParseTemplateBehavior [ RunTime:0.010780s ]
INFO: [ view_parse ] --END-- [ RunTime:0.010837s ]
INFO: [ view_filter ] --START--
INFO: Run Behavior\WriteHtmlCacheBehavior [ RunTime:0.000075s ]
INFO: [ view_filter ] --END-- [ RunTime:0.000105s ]
INFO: [ app_end ] --START--
INFO: Run Behavior\ShowPageTraceBehavior [ RunTime:0.000102s ]
INFO: [ app_end ] --END-- [ RunTime:0.000165s ]

[ 2016-03-30T14:08:28+08:00 ] 127.0.0.1 /magicbox/home/statistics/statsales.html
INFO: [ app_begin ] --START--
INFO: Run Behavior\ReadHtmlCacheBehavior [ RunTime:0.000058s ]
INFO: [ app_begin ] --END-- [ RunTime:0.000152s ]
SQL: SHOW COLUMNS FROM `sales_statistics` [ RunTime:0.0021s ]
NOTIC: [8] Undefined variable: map /var/www/html/magicbox/Apps/Home/Controller/StatisticsController.class.php 第 57 行.
SQL: SELECT sales_statistics.mac as mac,sales_statistics.price,sales_statistics.sell_count,sales_statistics.sell_at,sales_statistics.goods_id as goods_id,goods_info.name FROM `sales_statistics` LEFT JOIN goods_info ON goods_id = goods_info.id  ORDER BY sales_statistics.id desc LIMIT 0,7   [ RunTime:0.0027s ]
NOTIC: [8] Undefined variable: map /var/www/html/magicbox/Apps/Home/Controller/StatisticsController.class.php 第 61 行.
SQL: SELECT COUNT(*) AS tp_count FROM `sales_statistics` LIMIT 1   [ RunTime:0.0007s ]
NOTIC: [8] Undefined variable: map /var/www/html/magicbox/Apps/Home/Controller/StatisticsController.class.php 第 71 行.
NOTIC: [2] Invalid argument supplied for foreach() /var/www/html/magicbox/Apps/Home/Controller/StatisticsController.class.php 第 71 行.
INFO: [ view_parse ] --START--
INFO: [ template_filter ] --START--
INFO: Run Behavior\ContentReplaceBehavior [ RunTime:0.000100s ]
INFO: [ template_filter ] --END-- [ RunTime:0.000223s ]
INFO: Run Behavior\ParseTemplateBehavior [ RunTime:0.012304s ]
INFO: [ view_parse ] --END-- [ RunTime:0.012371s ]
INFO: [ view_filter ] --START--
INFO: Run Behavior\WriteHtmlCacheBehavior [ RunTime:0.000066s ]
INFO: [ view_filter ] --END-- [ RunTime:0.000095s ]
INFO: [ app_end ] --START--
INFO: Run Behavior\ShowPageTraceBehavior [ RunTime:0.000116s ]
INFO: [ app_end ] --END-- [ RunTime:0.000193s ]

[ 2016-03-30T14:10:46+08:00 ] 127.0.0.1 /magicbox/home/statistics/statsales.html
INFO: [ app_begin ] --START--
INFO: Run Behavior\ReadHtmlCacheBehavior [ RunTime:0.000073s ]
INFO: [ app_begin ] --END-- [ RunTime:0.000143s ]
SQL: SHOW COLUMNS FROM `sales_statistics` [ RunTime:0.0015s ]
NOTIC: [8] Undefined variable: map /var/www/html/magicbox/Apps/Home/Controller/StatisticsController.class.php 第 57 行.
SQL: SELECT sales_statistics.mac as mac,sales_statistics.price,sales_statistics.sell_count,sales_statistics.sell_at,sales_statistics.goods_id as goods_id,goods_info.name FROM `sales_statistics` LEFT JOIN goods_info ON goods_id = goods_info.id  ORDER BY sales_statistics.id desc LIMIT 0,7   [ RunTime:0.0288s ]
NOTIC: [8] Undefined variable: map /var/www/html/magicbox/Apps/Home/Controller/StatisticsController.class.php 第 61 行.
SQL: SELECT COUNT(*) AS tp_count FROM `sales_statistics` LIMIT 1   [ RunTime:0.0003s ]
NOTIC: [8] Undefined variable: map /var/www/html/magicbox/Apps/Home/Controller/StatisticsController.class.php 第 71 行.
NOTIC: [2] Invalid argument supplied for foreach() /var/www/html/magicbox/Apps/Home/Controller/StatisticsController.class.php 第 71 行.
INFO: [ view_parse ] --START--
INFO: [ template_filter ] --START--
INFO: Run Behavior\ContentReplaceBehavior [ RunTime:0.000106s ]
INFO: [ template_filter ] --END-- [ RunTime:0.000169s ]
INFO: Run Behavior\ParseTemplateBehavior [ RunTime:0.013005s ]
INFO: [ view_parse ] --END-- [ RunTime:0.013065s ]
INFO: [ view_filter ] --START--
INFO: Run Behavior\WriteHtmlCacheBehavior [ RunTime:0.000122s ]
INFO: [ view_filter ] --END-- [ RunTime:0.000151s ]
INFO: [ app_end ] --START--
INFO: Run Behavior\ShowPageTraceBehavior [ RunTime:0.000137s ]
INFO: [ app_end ] --END-- [ RunTime:0.000251s ]

[ 2016-03-30T14:11:52+08:00 ] 127.0.0.1 /magicbox/home/statistics/statsales.html
INFO: [ app_begin ] --START--
INFO: Run Behavior\ReadHtmlCacheBehavior [ RunTime:0.000081s ]
INFO: [ app_begin ] --END-- [ RunTime:0.000178s ]
SQL: SHOW COLUMNS FROM `sales_statistics` [ RunTime:0.0026s ]
NOTIC: [8] Undefined variable: map /var/www/html/magicbox/Apps/Home/Controller/StatisticsController.class.php 第 57 行.
SQL: SELECT sales_statistics.mac as mac,sales_statistics.price,sales_statistics.sell_count,sales_statistics.sell_at,sales_statistics.goods_id as goods_id,goods_info.name FROM `sales_statistics` LEFT JOIN goods_info ON goods_id = goods_info.id  ORDER BY sales_statistics.id desc LIMIT 0,7   [ RunTime:0.0007s ]
NOTIC: [8] Undefined variable: map /var/www/html/magicbox/Apps/Home/Controller/StatisticsController.class.php 第 61 行.
SQL: SELECT COUNT(*) AS tp_count FROM `sales_statistics` LIMIT 1   [ RunTime:0.0004s ]
NOTIC: [8] Undefined variable: map /var/www/html/magicbox/Apps/Home/Controller/StatisticsController.class.php 第 71 行.
NOTIC: [2] Invalid argument supplied for foreach() /var/www/html/magicbox/Apps/Home/Controller/StatisticsController.class.php 第 71 行.
INFO: [ view_parse ] --START--
INFO: [ template_filter ] --START--
INFO: Run Behavior\ContentReplaceBehavior [ RunTime:0.000140s ]
INFO: [ template_filter ] --END-- [ RunTime:0.000208s ]
INFO: Run Behavior\ParseTemplateBehavior [ RunTime:0.014700s ]
INFO: [ view_parse ] --END-- [ RunTime:0.014775s ]
INFO: [ view_filter ] --START--
INFO: Run Behavior\WriteHtmlCacheBehavior [ RunTime:0.000110s ]
INFO: [ view_filter ] --END-- [ RunTime:0.000141s ]
INFO: [ app_end ] --START--
INFO: Run Behavior\ShowPageTraceBehavior [ RunTime:0.000099s ]
INFO: [ app_end ] --END-- [ RunTime:0.000164s ]

[ 2016-03-30T14:12:27+08:00 ] 127.0.0.1 /magicbox/home/statistics/statsales.html
INFO: [ app_begin ] --START--
INFO: Run Behavior\ReadHtmlCacheBehavior [ RunTime:0.000053s ]
INFO: [ app_begin ] --END-- [ RunTime:0.000103s ]
SQL: SHOW COLUMNS FROM `sales_statistics` [ RunTime:0.0214s ]
NOTIC: [8] Undefined variable: map /var/www/html/magicbox/Apps/Home/Controller/StatisticsController.class.php 第 57 行.
SQL: SELECT sales_statistics.mac as mac,sales_statistics.price,sales_statistics.sell_count,sales_statistics.sell_at,sales_statistics.goods_id as goods_id,goods_info.name FROM `sales_statistics` LEFT JOIN goods_info ON goods_id = goods_info.id  ORDER BY sales_statistics.id desc LIMIT 0,7   [ RunTime:0.0012s ]
NOTIC: [8] Undefined variable: map /var/www/html/magicbox/Apps/Home/Controller/StatisticsController.class.php 第 61 行.
SQL: SELECT COUNT(*) AS tp_count FROM `sales_statistics` LIMIT 1   [ RunTime:0.0005s ]
NOTIC: [8] Undefined variable: map /var/www/html/magicbox/Apps/Home/Controller/StatisticsController.class.php 第 71 行.
NOTIC: [2] Invalid argument supplied for foreach() /var/www/html/magicbox/Apps/Home/Controller/StatisticsController.class.php 第 71 行.
INFO: [ view_parse ] --START--
INFO: [ template_filter ] --START--
INFO: Run Behavior\ContentReplaceBehavior [ RunTime:0.000120s ]
INFO: [ template_filter ] --END-- [ RunTime:0.000178s ]
INFO: Run Behavior\ParseTemplateBehavior [ RunTime:0.010665s ]
INFO: [ view_parse ] --END-- [ RunTime:0.010723s ]
INFO: [ view_filter ] --START--
INFO: Run Behavior\WriteHtmlCacheBehavior [ RunTime:0.000503s ]
INFO: [ view_filter ] --END-- [ RunTime:0.000543s ]
INFO: [ app_end ] --START--
INFO: Run Behavior\ShowPageTraceBehavior [ RunTime:0.000133s ]
INFO: [ app_end ] --END-- [ RunTime:0.000230s ]

[ 2016-03-30T14:13:04+08:00 ] 127.0.0.1 /magicbox/home/statistics/statsales.html
INFO: [ app_begin ] --START--
INFO: Run Behavior\ReadHtmlCacheBehavior [ RunTime:0.000062s ]
INFO: [ app_begin ] --END-- [ RunTime:0.000130s ]
SQL: SHOW COLUMNS FROM `sales_statistics` [ RunTime:0.0024s ]
NOTIC: [8] Undefined variable: map /var/www/html/magicbox/Apps/Home/Controller/StatisticsController.class.php 第 57 行.
SQL: SELECT sales_statistics.mac as mac,sales_statistics.price,sales_statistics.sell_count,sales_statistics.sell_at,sales_statistics.goods_id as goods_id,goods_info.name FROM `sales_statistics` LEFT JOIN goods_info ON goods_id = goods_info.id  ORDER BY sales_statistics.id desc LIMIT 0,7   [ RunTime:0.0010s ]
NOTIC: [8] Undefined variable: map /var/www/html/magicbox/Apps/Home/Controller/StatisticsController.class.php 第 61 行.
SQL: SELECT COUNT(*) AS tp_count FROM `sales_statistics` LIMIT 1   [ RunTime:0.0001s ]
NOTIC: [8] Undefined variable: map /var/www/html/magicbox/Apps/Home/Controller/StatisticsController.class.php 第 71 行.
NOTIC: [2] Invalid argument supplied for foreach() /var/www/html/magicbox/Apps/Home/Controller/StatisticsController.class.php 第 71 行.
INFO: [ view_parse ] --START--
INFO: [ template_filter ] --START--
INFO: Run Behavior\ContentReplaceBehavior [ RunTime:0.000185s ]
INFO: [ template_filter ] --END-- [ RunTime:0.000242s ]
INFO: Run Behavior\ParseTemplateBehavior [ RunTime:0.013305s ]
INFO: [ view_parse ] --END-- [ RunTime:0.013390s ]
INFO: [ view_filter ] --START--
INFO: Run Behavior\WriteHtmlCacheBehavior [ RunTime:0.000118s ]
INFO: [ view_filter ] --END-- [ RunTime:0.000148s ]
INFO: [ app_end ] --START--
INFO: Run Behavior\ShowPageTraceBehavior [ RunTime:0.000132s ]
INFO: [ app_end ] --END-- [ RunTime:0.000237s ]

[ 2016-03-30T14:13:40+08:00 ] 127.0.0.1 /magicbox/home/goods/upload.html
INFO: [ app_begin ] --START--
INFO: Run Behavior\ReadHtmlCacheBehavior [ RunTime:0.000096s ]
INFO: [ app_begin ] --END-- [ RunTime:0.000255s ]
NOTIC: [2] call_user_func() expects parameter 1 to be a valid callback, no array or string given /var/www/html/magicbox/ThinkPHP323/ThinkPHP/Library/Think/Upload.class.php 第 170 行.

[ 2016-03-30T14:14:01+08:00 ] 127.0.0.1 /magicbox/home/goods/upload.html
INFO: [ app_begin ] --START--
INFO: Run Behavior\ReadHtmlCacheBehavior [ RunTime:0.000054s ]
INFO: [ app_begin ] --END-- [ RunTime:0.000155s ]
NOTIC: [2] call_user_func() expects parameter 1 to be a valid callback, no array or string given /var/www/html/magicbox/ThinkPHP323/ThinkPHP/Library/Think/Upload.class.php 第 170 行.

